<?xml version="1.0" encoding="UTF-8"?>
<!-- Generated by org.testng.reporters.JUnitXMLReporter -->
<testsuite ignored="0" hostname="Parthiban" failures="0" tests="4" name="Default test" time="2.505" errors="0" timestamp="2023-02-24T17:21:27 IST">
  <testcase classname="api.test.StudentTests2" name="testCreateStudent" time="1.632"/>
  <testcase classname="api.test.StudentTests2" name="testGetStudent" time="0.066"/>
  <testcase classname="api.test.StudentTests2" name="testUpdateStudent" time="0.044"/>
  <testcase classname="api.test.StudentTests2" name="testDeleteStudent" time="0.045"/>
</testsuite> <!-- Default test -->
