<?xml version="1.0" encoding="UTF-8"?>
<!-- Generated by org.testng.reporters.JUnitXMLReporter -->
<testsuite ignored="0" hostname="Parthiban" failures="0" tests="4" name="Students" time="3.102" errors="0" timestamp="2023-02-24T17:25:22 IST">
  <testcase classname="api.test.StudentTests2" name="testCreateStudent" time="1.95"/>
  <testcase classname="api.test.StudentTests2" name="testGetStudent" time="0.081"/>
  <testcase classname="api.test.StudentTests2" name="testUpdateStudent" time="0.045"/>
  <testcase classname="api.test.StudentTests2" name="testDeleteStudent" time="0.058"/>
</testsuite> <!-- Students -->
