<?xml version="1.0" encoding="UTF-8"?>
<!-- Generated by org.testng.reporters.JUnitXMLReporter -->
<testsuite ignored="0" hostname="Parthiban" failures="0" tests="4" name="Students" time="2.894" errors="0" timestamp="2023-02-27T09:44:52 IST">
  <testcase classname="api.test.StudentTests2" name="testCreateStudent" time="1.8"/>
  <testcase classname="api.test.StudentTests2" name="testGetStudent" time="0.1"/>
  <testcase classname="api.test.StudentTests2" name="testUpdateStudent" time="0.06"/>
  <testcase classname="api.test.StudentTests2" name="testDeleteStudent" time="0.061"/>
</testsuite> <!-- Students -->
