<?xml version="1.0" encoding="UTF-8"?>
<testsuite xmlns:xsi="http://www.w3.org/2001/XMLSchema-instance" xsi:noNamespaceSchemaLocation="https://maven.apache.org/surefire/maven-surefire-plugin/xsd/surefire-test-report-3.0.xsd" version="3.0" name="TestSuite" time="4.484" tests="4" errors="0" skipped="0" failures="0">
  <properties>
[...]
</properties>
  <testcase name="testCreateStudent" classname="api.test.StudentTests2" time="1.83">
    <system-out><![CDATA[HTTP/1.1 201 Created
X-Powered-By: Express
Vary: Origin, X-HTTP-Method-Override, Accept-Encoding
Access-Control-Allow-Credentials: true
Cache-Control: no-cache
Pragma: no-cache
Expires: -1
Access-Control-Expose-Headers: Location
Location: http://localhost:3000/Students/11
X-Content-Type-Options: nosniff
Content-Type: application/json; charset=utf-8
Content-Length: 147
ETag: W/"93-DdmY05CwJd2/PJN0zPVZWtAos0w"
Date: Mon, 27 Feb 2023 04:14:50 GMT
Connection: keep-alive
Keep-Alive: timeout=5

{
    "phone": "(801) 098-4778",
    "courses": [
        "Data Science",
        "Big Data"
    ],
    "location": "Ajaview",
    "name": "Carl Marks",
    "id": 11
}
]]></system-out>
    <system-err><![CDATA[SLF4J: Failed to load class "org.slf4j.impl.StaticLoggerBinder".
SLF4J: Defaulting to no-operation (NOP) logger implementation
SLF4J: See http://www.slf4j.org/codes.html#StaticLoggerBinder for further details.
]]></system-err>
  </testcase>
  <testcase name="testGetStudent" classname="api.test.StudentTests2" time="0.099">
    <system-out><![CDATA[HTTP/1.1 200 OK
X-Powered-By: Express
Vary: Origin, Accept-Encoding
Access-Control-Allow-Credentials: true
Cache-Control: no-cache
Pragma: no-cache
Expires: -1
X-Content-Type-Options: nosniff
Content-Type: application/json; charset=utf-8
Content-Length: 147
ETag: W/"93-DdmY05CwJd2/PJN0zPVZWtAos0w"
Date: Mon, 27 Feb 2023 04:14:51 GMT
Connection: keep-alive
Keep-Alive: timeout=5

{
    "phone": "(801) 098-4778",
    "courses": [
        "Data Science",
        "Big Data"
    ],
    "location": "Ajaview",
    "name": "Carl Marks",
    "id": 11
}
]]></system-out>
  </testcase>
  <testcase name="testUpdateStudent" classname="api.test.StudentTests2" time="0.062">
    <system-out><![CDATA[HTTP/1.1 200 OK
X-Powered-By: Express
Vary: Origin, Accept-Encoding
Access-Control-Allow-Credentials: true
Cache-Control: no-cache
Pragma: no-cache
Expires: -1
X-Content-Type-Options: nosniff
Content-Type: application/json; charset=utf-8
Content-Length: 171
ETag: W/"ab-pU27Iw2OnRI9AE56n9A0j1EfLv8"
Date: Mon, 27 Feb 2023 04:14:51 GMT
Connection: keep-alive
Keep-Alive: timeout=5

{
    "phone": "482-041-3997",
    "courses": [
        "Updated Data Science",
        "Updated Big Data"
    ],
    "location": "New Marco",
    "name": "Mrs. Moses Spencer",
    "id": 11
}
]]></system-out>
  </testcase>
  <testcase name="testDeleteStudent" classname="api.test.StudentTests2" time="0.063">
    <system-out><![CDATA[HTTP/1.1 200 OK
X-Powered-By: Express
Vary: Origin, Accept-Encoding
Access-Control-Allow-Credentials: true
Cache-Control: no-cache
Pragma: no-cache
Expires: -1
X-Content-Type-Options: nosniff
Content-Type: application/json; charset=utf-8
Content-Length: 2
ETag: W/"2-vyGp6PvFo4RvsFtPoIWeCReyIC8"
Date: Mon, 27 Feb 2023 04:14:51 GMT
Connection: keep-alive
Keep-Alive: timeout=5

{
    
}
]]></system-out>
  </testcase>
</testsuite>