<?xml version="1.0" encoding="UTF-8"?>
<testng-results ignored="0" total="4" passed="4" failed="0" skipped="0">
  <reporter-output>
  </reporter-output>
  <suite started-at="2023-02-24T17:25:19 IST" name="Suite" finished-at="2023-02-24T17:25:22 IST" duration-ms="3102">
    <groups>
    </groups>
    <test started-at="2023-02-24T17:25:19 IST" name="Students" finished-at="2023-02-24T17:25:22 IST" duration-ms="3102">
      <class name="api.test.StudentTests2">
        <test-method is-config="true" signature="setdata()[pri:0, instance:api.test.StudentTests2@5b799640]" started-at="2023-02-24T17:25:19 IST" name="setdata" finished-at="2023-02-24T17:25:20 IST" duration-ms="671" status="PASS">
          <reporter-output>
          </reporter-output>
        </test-method> <!-- setdata -->
        <test-method signature="testCreateStudent()[pri:1, instance:api.test.StudentTests2@5b799640]" started-at="2023-02-24T17:25:20 IST" name="testCreateStudent" finished-at="2023-02-24T17:25:22 IST" duration-ms="1950" status="PASS">
          <reporter-output>
          </reporter-output>
        </test-method> <!-- testCreateStudent -->
        <test-method signature="testGetStudent()[pri:2, instance:api.test.StudentTests2@5b799640]" started-at="2023-02-24T17:25:22 IST" name="testGetStudent" finished-at="2023-02-24T17:25:22 IST" duration-ms="81" status="PASS">
          <reporter-output>
          </reporter-output>
        </test-method> <!-- testGetStudent -->
        <test-method signature="testUpdateStudent()[pri:3, instance:api.test.StudentTests2@5b799640]" started-at="2023-02-24T17:25:22 IST" name="testUpdateStudent" finished-at="2023-02-24T17:25:22 IST" duration-ms="45" status="PASS">
          <reporter-output>
          </reporter-output>
        </test-method> <!-- testUpdateStudent -->
        <test-method signature="testDeleteStudent()[pri:4, instance:api.test.StudentTests2@5b799640]" started-at="2023-02-24T17:25:22 IST" name="testDeleteStudent" finished-at="2023-02-24T17:25:22 IST" duration-ms="58" status="PASS">
          <reporter-output>
          </reporter-output>
        </test-method> <!-- testDeleteStudent -->
      </class> <!-- api.test.StudentTests2 -->
    </test> <!-- Students -->
  </suite> <!-- Suite -->
</testng-results>
